<?xml version="1.0" encoding="UTF-8"?>
<!-- Generated by org.testng.reporters.JUnitReportReporter -->
<testsuite hostname="DESKTOP-E0ABI81" failures="0" tests="1" name="testcases.TestCase" time="20.533" errors="0" timestamp="2025-02-17T10:20:10 BDT" skipped="0">
  <testcase classname="testcases.TestCase" name="testFeatures" time="20.533"/>
</testsuite> <!-- testcases.TestCase -->
